{
    "test_case": "func2",
    "result": "code error",
    "steps": [
        {
            "message": "Navigate to: 'http://User1:Automation_1_3@10.0.1.73:8001/69999/?ReturnUrl=https://crs.qa.kofile.com/69999/Account/ReturnClaim&amp;Referrer='",
            "screenshot": null,
            "error": null
        },
        {
            "message": "Click addNewOrderButton",
            "screenshot": null,
            "error": null
        },
        {
            "message": "Click orderTypeDropdown",
            "screenshot": null,
            "error": null
        },
        {
            "message": "Click //select[@id='orderTypeId']/option[text()='Governmentals']",
            "screenshot": null,
            "error": null
        },
        {
            "message": "Write 'test_name' in element nameInput",
            "screenshot": null,
            "error": null
        },
        {
            "message": "Click documentTypeDropdown",
            "screenshot": null,
            "error": null
        },
        {
            "message": "Click //select[@id='Order_OrderItems[0]_Document_DocumentTypeId']/option[text()='ADOPTION PETITION']",
            "screenshot": null,
            "error": null
        },
        {
            "message": "Write '1' in element numberOfPages",
            "screenshot": null,
            "error": null
        },
        {
            "message": "Execute javascript code 'window.scrollTo(0, 1000)' with args '()'",
            "screenshot": null,
            "error": null
        },
        {
            "message": "Click addToOrderButton",
            "screenshot": null,
            "error": null
        },
        {
            "message": "Error",
            "screenshot": "Error_77834.png",
            "error": {
                "message": "TypeError: rawElements() missing 1 required positional argument: 'index'",
                "description": "Traceback (most recent call last):\n  File \"c:\\users\\alexandr.may\\appdata\\local\\programs\\python\\python37-32\\lib\\site-packages\\golem\\test_runner\\test_runner.py\", line 173, in run_test\n    self.test_module.test(execution.data)\n  File \"C:\\Users\\alexandr.may\\testdir\\projects\\some_project\\tests\\func2.py\", line 29, in test\n    print(a.get_element_text(table.findElementByTitle('none', 3)))\n  File \"C:\\Users\\alexandr.may\\testdir\\projects\\some_project\\pages\\new_order_page_form.py\", line 66, in findElementByTitle\n    for i in range(len(rawElements())):\nTypeError: rawElements() missing 1 required positional argument: 'index'\n"
            }
        }
    ],
    "errors": [
        {
            "message": "TypeError: rawElements() missing 1 required positional argument: 'index'",
            "description": "Traceback (most recent call last):\n  File \"c:\\users\\alexandr.may\\appdata\\local\\programs\\python\\python37-32\\lib\\site-packages\\golem\\test_runner\\test_runner.py\", line 173, in run_test\n    self.test_module.test(execution.data)\n  File \"C:\\Users\\alexandr.may\\testdir\\projects\\some_project\\tests\\func2.py\", line 29, in test\n    print(a.get_element_text(table.findElementByTitle('none', 3)))\n  File \"C:\\Users\\alexandr.may\\testdir\\projects\\some_project\\pages\\new_order_page_form.py\", line 66, in findElementByTitle\n    for i in range(len(rawElements())):\nTypeError: rawElements() missing 1 required positional argument: 'index'\n"
        }
    ],
    "description": "",
    "browser": "chrome",
    "test_data": {
        "env": "{'url': 'http://{}:{}@10.0.1.73:8001/69999/?ReturnUrl=https://crs.qa.kofile.com/69999/Account/ReturnClaim&amp;Referrer=', 'login': 'User1', 'password': 'Automation_1_3', 'getItemsLink': 'https://crs.qa.kofile.com/69999/api/Order/GetQueuesItemCounts', 'cookieName': 'ASP.NET_SessionId', 'name': 'test_env'}"
    },
    "environment": "test_env",
    "set_name": "",
    "test_elapsed_time": 25.36,
    "test_timestamp": "2019.11.14.17.42.40.425"
}