{
    "test_case": "func",
    "result": "code error",
    "steps": [
        {
            "message": "Navigate to: 'http://User1:Automation_1_3@10.0.1.73:8001/69999/?ReturnUrl=https://crs.qa.kofile.com/69999/Account/ReturnClaim&amp;Referrer='",
            "screenshot": null,
            "error": null
        },
        {
            "message": "Click addNewOrderButton",
            "screenshot": null,
            "error": null
        },
        {
            "message": "Click orderTypeDropdown",
            "screenshot": null,
            "error": null
        },
        {
            "message": "Click //select[@id='orderTypeId']/option[text()='Alcohol Permit']",
            "screenshot": null,
            "error": null
        },
        {
            "message": "Execute javascript code 'window.scrollTo(0, 1000)' with args '()'",
            "screenshot": null,
            "error": null
        },
        {
            "message": "Error",
            "screenshot": "Error_5f4e0.png",
            "error": {
                "message": "NameError: name 'new_order_page_footer' is not defined",
                "description": "Traceback (most recent call last):\n  File \"c:\\users\\alexandr.may\\appdata\\local\\programs\\python\\python37-32\\lib\\site-packages\\golem\\test_runner\\test_runner.py\", line 173, in run_test\n    self.test_module.test(execution.data)\n  File \"C:\\Users\\alexandr.may\\testdir\\projects\\some_project\\tests\\func.py\", line 20, in test\n    a.click(new_order_page_footer.addToOrderButton)\nNameError: name 'new_order_page_footer' is not defined\n"
            }
        }
    ],
    "errors": [
        {
            "message": "NameError: name 'new_order_page_footer' is not defined",
            "description": "Traceback (most recent call last):\n  File \"c:\\users\\alexandr.may\\appdata\\local\\programs\\python\\python37-32\\lib\\site-packages\\golem\\test_runner\\test_runner.py\", line 173, in run_test\n    self.test_module.test(execution.data)\n  File \"C:\\Users\\alexandr.may\\testdir\\projects\\some_project\\tests\\func.py\", line 20, in test\n    a.click(new_order_page_footer.addToOrderButton)\nNameError: name 'new_order_page_footer' is not defined\n"
        }
    ],
    "description": "",
    "browser": "chrome",
    "test_data": {
        "env": "{'url': 'http://{}:{}@10.0.1.73:8001/69999/?ReturnUrl=https://crs.qa.kofile.com/69999/Account/ReturnClaim&amp;Referrer=', 'login': 'User1', 'password': 'Automation_1_3', 'getItemsLink': 'https://crs.qa.kofile.com/69999/api/Order/GetQueuesItemCounts', 'cookieName': 'ASP.NET_SessionId', 'name': 'test_env'}"
    },
    "environment": "test_env",
    "set_name": "",
    "test_elapsed_time": 31.9,
    "test_timestamp": "2019.11.12.11.31.59.236"
}