{
    "test_case": "second_test",
    "result": "code error",
    "steps": [
        {
            "message": "Error",
            "screenshot": "Error_1681d.png",
            "error": {
                "message": "NameError: name 'dumps' is not defined",
                "description": "Traceback (most recent call last):\n  File \"c:\\users\\alexandr.may\\appdata\\local\\programs\\python\\python37-32\\lib\\site-packages\\golem\\test_runner\\test_runner.py\", line 173, in run_test\n    self.test_module.test(execution.data)\n  File \"C:\\Users\\alexandr.may\\testdir\\projects\\some_project\\tests\\second_test.py\", line 34, in test\n    f.write(json,dumps(to_json))\nNameError: name 'dumps' is not defined\n"
            }
        }
    ],
    "errors": [
        {
            "message": "NameError: name 'dumps' is not defined",
            "description": "Traceback (most recent call last):\n  File \"c:\\users\\alexandr.may\\appdata\\local\\programs\\python\\python37-32\\lib\\site-packages\\golem\\test_runner\\test_runner.py\", line 173, in run_test\n    self.test_module.test(execution.data)\n  File \"C:\\Users\\alexandr.may\\testdir\\projects\\some_project\\tests\\second_test.py\", line 34, in test\n    f.write(json,dumps(to_json))\nNameError: name 'dumps' is not defined\n"
        }
    ],
    "description": "",
    "browser": "chrome (remote)",
    "test_data": {
        "order_type": "'Plats'",
        "document_type": "'LETTER (PL)'",
        "num_of_pages": "'1'",
        "num_of_lots": "'1'",
        "section": "'GRANTOR'",
        "first_name": "'First Name'",
        "alert_text": "'Please Enter Account OR Email OR Name'",
        "env": "{'url': 'http://{}:{}@10.0.1.73:8001/69999/?ReturnUrl=https://crs.qa.kofile.com/69999/Account/ReturnClaim&amp;Referrer=', 'login': 'User1', 'password': 'Automation_1_3', 'getItemsLink': 'https://crs.qa.kofile.com/69999/api/Order/GetQueuesItemCounts', 'cookieName': 'ASP.NET_SessionId', 'name': 'test_env'}"
    },
    "environment": "test_env",
    "set_name": "Plats",
    "test_elapsed_time": 0.85,
    "test_timestamp": "2019.11.01.12.58.53.723"
}